
> finsentinel-backend@0.1.0 dev
> node src/index.js

[Sentinel] Backend + WebSocket listening on :4000
[WS] Client connected
[WS] Client connected
{"level":"info","event":"fusion_decision","requestId":"fusion-1772395094454-1","route":"/api/actions/submit","timestamp":"2026-03-01T19:58:14.454Z","decision":"review","reason_tags":["MISSING_TEST_EVIDENCE","CRITICAL_PATH_CHANGE","PRODUCTION_TARGET","DESTRUCTIVE_OPERATION","NO_ROLLBACK_PLAN","POLICY_BLOCK_THRESHOLD","FUSED_REVIEW_REQUIRED"],"risk_score":0.695,"risk_category":"high","uncertainty":0.4975,"stale_state":"fresh","source":"policy+ml","policy_version":"1.1.0","model_version":"fallback-v1","durationMs":0,"clientIp":"internal"}
[WS] Client connected
[WS] Client disconnected
[WS] Client disconnected
[WS] Client disconnected
[WS] Client connected
{"level":"info","event":"fusion_decision","requestId":"fusion-1772395543491-2","route":"/api/actions/submit","timestamp":"2026-03-01T20:05:43.491Z","decision":"review","reason_tags":["MISSING_TEST_EVIDENCE","CRITICAL_PATH_CHANGE","PRODUCTION_TARGET","DESTRUCTIVE_OPERATION","NO_ROLLBACK_PLAN","POLICY_BLOCK_THRESHOLD","FUSED_REVIEW_REQUIRED"],"risk_score":0.695,"risk_category":"high","uncertainty":0.4975,"stale_state":"fresh","source":"policy+ml","policy_version":"1.1.0","model_version":"fallback-v1","durationMs":0,"clientIp":"internal"}
{"level":"info","event":"fusion_decision","requestId":"fusion-1772395554573-3","route":"/api/actions/submit","timestamp":"2026-03-01T20:05:54.573Z","decision":"review","reason_tags":["MISSING_TEST_EVIDENCE","CRITICAL_PATH_CHANGE","PRODUCTION_TARGET","DESTRUCTIVE_OPERATION","NO_ROLLBACK_PLAN","POLICY_BLOCK_THRESHOLD","FUSED_REVIEW_REQUIRED"],"risk_score":0.695,"risk_category":"high","uncertainty":0.4975,"stale_state":"fresh","source":"policy+ml","policy_version":"1.1.0","model_version":"fallback-v1","durationMs":0,"clientIp":"internal"}
{"level":"info","event":"fusion_decision","requestId":"fusion-1772395559363-4","route":"/api/actions/submit","timestamp":"2026-03-01T20:05:59.363Z","decision":"review","reason_tags":["MISSING_TEST_EVIDENCE","CRITICAL_PATH_CHANGE","PRODUCTION_TARGET","DESTRUCTIVE_OPERATION","NO_ROLLBACK_PLAN","POLICY_BLOCK_THRESHOLD","FUSED_REVIEW_REQUIRED"],"risk_score":0.695,"risk_category":"high","uncertainty":0.4975,"stale_state":"fresh","source":"policy+ml","policy_version":"1.1.0","model_version":"fallback-v1","durationMs":0,"clientIp":"internal"}
{"level":"info","event":"fusion_decision","requestId":"fusion-1772395627508-5","route":"/api/actions/submit","timestamp":"2026-03-01T20:07:07.508Z","decision":"review","reason_tags":["MISSING_TEST_EVIDENCE","CRITICAL_PATH_CHANGE","PRODUCTION_TARGET","DESTRUCTIVE_OPERATION","NO_ROLLBACK_PLAN","POLICY_BLOCK_THRESHOLD","FUSED_REVIEW_REQUIRED"],"risk_score":0.695,"risk_category":"high","uncertainty":0.4975,"stale_state":"fresh","source":"policy+ml","policy_version":"1.1.0","model_version":"fallback-v1","durationMs":0,"clientIp":"internal"}
{"level":"info","event":"fusion_decision","requestId":"fusion-1772395635792-6","route":"/api/actions/submit","timestamp":"2026-03-01T20:07:15.792Z","decision":"review","reason_tags":["MISSING_TEST_EVIDENCE","CRITICAL_PATH_CHANGE","PRODUCTION_TARGET","DESTRUCTIVE_OPERATION","NO_ROLLBACK_PLAN","POLICY_BLOCK_THRESHOLD","FUSED_REVIEW_REQUIRED"],"risk_score":0.695,"risk_category":"high","uncertainty":0.4975,"stale_state":"fresh","source":"policy+ml","policy_version":"1.1.0","model_version":"fallback-v1","durationMs":0,"clientIp":"internal"}
{"level":"info","event":"fusion_decision","requestId":"fusion-1772395643109-7","route":"/api/actions/submit","timestamp":"2026-03-01T20:07:23.109Z","decision":"review","reason_tags":["MISSING_TEST_EVIDENCE","CRITICAL_PATH_CHANGE","PRODUCTION_TARGET","DESTRUCTIVE_OPERATION","NO_ROLLBACK_PLAN","POLICY_BLOCK_THRESHOLD","FUSED_REVIEW_REQUIRED"],"risk_score":0.695,"risk_category":"high","uncertainty":0.4975,"stale_state":"fresh","source":"policy+ml","policy_version":"1.1.0","model_version":"fallback-v1","durationMs":0,"clientIp":"internal"}
[WS] Client disconnected
[WS] Client connected
[WS] Client disconnected
[WS] Client connected
